[nav2_interface-3] [2024-07-26 11:15:53] Start switch the map, target status disable, do nothing
[amcl-2] [2024-07-26 11:15:55]  [INFO] Received request to change AMCL status. Target status: 0, Initial pose: [x: 0, y: 0, yaw: 0]
[amcl-2] [2024-07-26 11:15:55]  [INFO] AMCL status changed to: 0
[amcl-2] [2024-07-26 11:15:57]  [INFO] Received request to change AMCL status. Target status: 1, Initial pose: [x: -6, y: -10, yaw: 0]
[amcl-2] [2024-07-26 11:15:57]  [INFO] AMCL status changed to: 1
[amcl-2] [2024-07-26 11:15:57]  [INFO] Setting initial pose: [x: -6, y: -10, yaw: 0]
[amcl-2] [WARN] [1721963757.647368143] [amcl]: Failed to transform initial pose in time (Lookup would require extrapolation into the future.  Requested time 1721963757.647327 but the latest data is at time 1721963756.778000, when looking up transform from frame [base_footprint] to frame [odom])
[amcl-2] [INFO] [1721963757.647409520] [amcl]: Setting pose (1721963757.647409): -6.000 -10.000 0.000
[amcl-2] [INFO] [1721963757.648091833] [amcl]: Detection new estimate pose: [-6.0000, -10.0000, 0.0000]
[amcl-2] [2024-07-26 11:15:57] Amcl estimate pose: [x -6, y -10, yaw 0]
[nav2_interface-3] [2024-07-26 11:15:59] Start switch the map, status enable, map path /home/fcbox/.fcbox/map/1709870483105/MAP_release1.4.3_0308_1709870471.yaml
[nav2_interface-3] [2024-07-26 11:15:59] response->result: SUCCESS, response->msg: Enable nav status success
[nav2_interface-3] [2024-07-26 11:15:59] Switch the map success, cost time 0.000127293s
[nav2_interface-3] [DEBUG] [map_io]: resolution: 0.05
[nav2_interface-3] [DEBUG] [map_io]: origin[0]: -20.2453
[nav2_interface-3] [DEBUG] [map_io]: origin[1]: -30.3451
[nav2_interface-3] [DEBUG] [map_io]: origin[2]: 0
[nav2_interface-3] [DEBUG] [map_io]: free_thresh: 0.196
[nav2_interface-3] [DEBUG] [map_io]: occupied_thresh: 0.65
[nav2_interface-3] [DEBUG] [map_io]: mode: trinary
[nav2_interface-3] [DEBUG] [map_io]: negate: 0
[nav2_interface-3] [INFO] [map_io]: Loading image_file: /home/fcbox/.fcbox/map/1709870483105/MAP_release1.4.3_0308_1709870471.pgm
[nav2_interface-3] terminate called after throwing an instance of 'rclcpp::exceptions::RCLError'
[nav2_interface-3]   what():  failed to send response: client will not receive response, at ./src/rmw_response.cpp:149, at ./src/rcl/service.c:314
[nav2_interface-3] Magick: abort due to signal 6 (SIGABRT) "Abort"...
[ERROR] [nav2_interface-3]: process has died [pid 14534, exit code -6, cmd '/home/fcbox/hivebox_ws/install/nav2_interface/lib/nav2_interface/nav2_interface --ros-args --params-file /home/fcbox/hivebox_ws/install/nav2_interface/share/nav2_interface/config/params.yaml'].

